<?xml version="1.0" encoding="UTF-8"?>
<testng-results skipped="0" failed="0" total="2" passed="2">
  <reporter-output>
  </reporter-output>
  <suite name="Default suite" duration-ms="4703" started-at="2015-10-29T09:05:03Z" finished-at="2015-10-29T09:05:08Z">
    <groups>
    </groups>
    <test name="Default test" duration-ms="4703" started-at="2015-10-29T09:05:03Z" finished-at="2015-10-29T09:05:08Z">
      <class name="com.example.tests.GroupCreationTests">
        <test-method status="PASS" signature="setUp()[pri:0, instance:com.example.tests.GroupCreationTests@5474c6c]" name="setUp" is-config="true" duration-ms="8" started-at="2015-10-29T12:05:03Z" finished-at="2015-10-29T12:05:03Z">
          <reporter-output>
          </reporter-output>
        </test-method> <!-- setUp -->
        <test-method status="PASS" signature="testGroupWithEmptyDataCanBeCreated()[pri:0, instance:com.example.tests.GroupCreationTests@5474c6c]" name="testGroupWithEmptyDataCanBeCreated" duration-ms="3566" started-at="2015-10-29T12:05:03Z" finished-at="2015-10-29T12:05:07Z">
          <reporter-output>
          </reporter-output>
        </test-method> <!-- testGroupWithEmptyDataCanBeCreated -->
        <test-method status="PASS" signature="testValidGr()[pri:0, instance:com.example.tests.GroupCreationTests@5474c6c]" name="testValidGr" duration-ms="692" started-at="2015-10-29T12:05:07Z" finished-at="2015-10-29T12:05:07Z">
          <reporter-output>
          </reporter-output>
        </test-method> <!-- testValidGr -->
        <test-method status="PASS" signature="tearDown()[pri:0, instance:com.example.tests.GroupCreationTests@5474c6c]" name="tearDown" is-config="true" duration-ms="426" started-at="2015-10-29T12:05:07Z" finished-at="2015-10-29T12:05:08Z">
          <reporter-output>
          </reporter-output>
        </test-method> <!-- tearDown -->
      </class> <!-- com.example.tests.GroupCreationTests -->
    </test> <!-- Default test -->
  </suite> <!-- Default suite -->
</testng-results>
