<?xml version="1.0" encoding="UTF-8"?>
<!-- Generated by org.testng.reporters.JUnitXMLReporter -->
<testsuite hostname="RU1109169494" name="Default test" tests="4" failures="0" timestamp="22 Oct 2015 04:49:44 GMT" time="6.345" errors="0">
  <testcase name="testEmptyGroupCreation" time="1.202" classname="com.example.tests.AlsoGroupCreationTests"/>
  <testcase name="testNonEmptyGroupCreation" time="0.791" classname="com.example.tests.AlsoGroupCreationTests"/>
  <testcase name="testEmptyGroupCreation" time="0.714" classname="com.example.tests.GroupCreationTests"/>
  <testcase name="testNonEmptyGroupCreation" time="0.696" classname="com.example.tests.GroupCreationTests"/>
</testsuite> <!-- Default test -->
