<?xml version="1.0" encoding="UTF-8"?>
<testng-results skipped="0" failed="0" total="4" passed="4">
  <reporter-output>
  </reporter-output>
  <suite name="Default suite" duration-ms="6345" started-at="2015-10-22T04:49:38Z" finished-at="2015-10-22T04:49:44Z">
    <groups>
    </groups>
    <test name="Default test" duration-ms="6345" started-at="2015-10-22T04:49:38Z" finished-at="2015-10-22T04:49:44Z">
      <class name="com.example.tests.AlsoGroupCreationTests">
        <test-method status="PASS" signature="setUp()[pri:0, instance:com.example.tests.AlsoGroupCreationTests@629f0666]" name="setUp" is-config="true" duration-ms="2572" started-at="2015-10-22T07:49:38Z" finished-at="2015-10-22T07:49:41Z">
          <reporter-output>
          </reporter-output>
        </test-method> <!-- setUp -->
        <test-method status="PASS" signature="testEmptyGroupCreation()[pri:0, instance:com.example.tests.AlsoGroupCreationTests@629f0666]" name="testEmptyGroupCreation" duration-ms="1202" started-at="2015-10-22T07:49:41Z" finished-at="2015-10-22T07:49:42Z">
          <reporter-output>
          </reporter-output>
        </test-method> <!-- testEmptyGroupCreation -->
        <test-method status="PASS" signature="testNonEmptyGroupCreation()[pri:0, instance:com.example.tests.AlsoGroupCreationTests@629f0666]" name="testNonEmptyGroupCreation" duration-ms="791" started-at="2015-10-22T07:49:42Z" finished-at="2015-10-22T07:49:43Z">
          <reporter-output>
          </reporter-output>
        </test-method> <!-- testNonEmptyGroupCreation -->
        <test-method status="PASS" signature="tearDown()[pri:0, instance:com.example.tests.AlsoGroupCreationTests@629f0666]" name="tearDown" is-config="true" duration-ms="358" started-at="2015-10-22T07:49:44Z" finished-at="2015-10-22T07:49:44Z">
          <reporter-output>
          </reporter-output>
        </test-method> <!-- tearDown -->
      </class> <!-- com.example.tests.AlsoGroupCreationTests -->
      <class name="com.example.tests.GroupCreationTests">
        <test-method status="PASS" signature="testEmptyGroupCreation()[pri:0, instance:com.example.tests.GroupCreationTests@483bf400]" name="testEmptyGroupCreation" duration-ms="714" started-at="2015-10-22T07:49:43Z" finished-at="2015-10-22T07:49:43Z">
          <reporter-output>
          </reporter-output>
        </test-method> <!-- testEmptyGroupCreation -->
        <test-method status="PASS" signature="testNonEmptyGroupCreation()[pri:0, instance:com.example.tests.GroupCreationTests@483bf400]" name="testNonEmptyGroupCreation" duration-ms="696" started-at="2015-10-22T07:49:43Z" finished-at="2015-10-22T07:49:44Z">
          <reporter-output>
          </reporter-output>
        </test-method> <!-- testNonEmptyGroupCreation -->
      </class> <!-- com.example.tests.GroupCreationTests -->
    </test> <!-- Default test -->
  </suite> <!-- Default suite -->
</testng-results>
